app/build/outputs/mapping/release/seeds.txt
dev.gitfudge.musicworkbench.MusicWorkbenchApp_GeneratedInjector
dev.gitfudge.musicworkbench.data.db.LibraryDatabase
dev.gitfudge.musicworkbench.MainActivity_GeneratedInjector
dev.gitfudge.musicworkbench.data.db.LibraryDatabase_Impl
dev.gitfudge.musicworkbench.MainActivity
dev.gitfudge.musicworkbench.data.lyrics.LrclibApi
dev.gitfudge.musicworkbench.MusicWorkbenchApp
dev.gitfudge.musicworkbench.ui.detail.TrackDetailViewModel
dev.gitfudge.musicworkbench.ui.MainViewModel
dev.gitfudge.musicworkbench.ui.library.LibraryViewModel
dev.gitfudge.musicworkbench.data.lyrics.LrclibResult: dev.gitfudge.musicworkbench.data.lyrics.LrclibResult$Companion Companion
dev.gitfudge.musicworkbench.data.lyrics.LrclibResult$$serializer: kotlinx.serialization.descriptors.SerialDescriptor descriptor
dev.gitfudge.musicworkbench.data.lyrics.LrclibApi: java.lang.Object get(java.lang.String,java.lang.String,java.lang.String,java.lang.Long,kotlin.coroutines.Continuation)
dev.gitfudge.musicworkbench.domain.LibrarySort: dev.gitfudge.musicworkbench.domain.LibrarySort valueOf(java.lang.String)
dev.gitfudge.musicworkbench.domain.ArtStatus: dev.gitfudge.musicworkbench.domain.ArtStatus valueOf(java.lang.String)
dev.gitfudge.musicworkbench.domain.TagStatus: dev.gitfudge.musicworkbench.domain.TagStatus valueOf(java.lang.String)
dev.gitfudge.musicworkbench.ui.library.DownloadStatus: dev.gitfudge.musicworkbench.ui.library.DownloadStatus valueOf(java.lang.String)
dev.gitfudge.musicworkbench.data.db.LibraryDatabase: LibraryDatabase()
dev.gitfudge.musicworkbench.domain.LibraryFilter: dev.gitfudge.musicworkbench.domain.LibraryFilter valueOf(java.lang.String)
dev.gitfudge.musicworkbench.domain.ArtStatus: dev.gitfudge.musicworkbench.domain.ArtStatus[] values()
dev.gitfudge.musicworkbench.domain.LyricsStatus: dev.gitfudge.musicworkbench.domain.LyricsStatus[] values()
dev.gitfudge.musicworkbench.MusicWorkbenchApp: MusicWorkbenchApp()
dev.gitfudge.musicworkbench.ui.library.LibraryViewMode: dev.gitfudge.musicworkbench.ui.library.LibraryViewMode valueOf(java.lang.String)
dev.gitfudge.musicworkbench.domain.LibrarySort: dev.gitfudge.musicworkbench.domain.LibrarySort[] values()
dev.gitfudge.musicworkbench.data.lyrics.LrclibResult$Companion: kotlinx.serialization.KSerializer serializer()
dev.gitfudge.musicworkbench.domain.LyricsStatus: dev.gitfudge.musicworkbench.domain.LyricsStatus valueOf(java.lang.String)
dev.gitfudge.musicworkbench.ui.library.DownloadStatus: dev.gitfudge.musicworkbench.ui.library.DownloadStatus[] values()
dev.gitfudge.musicworkbench.MainActivity: MainActivity()
dev.gitfudge.musicworkbench.domain.LibraryFilter: dev.gitfudge.musicworkbench.domain.LibraryFilter[] values()
dev.gitfudge.musicworkbench.data.db.LibraryDatabase_Impl: LibraryDatabase_Impl()
dev.gitfudge.musicworkbench.domain.TagStatus: dev.gitfudge.musicworkbench.domain.TagStatus[] values()
dev.gitfudge.musicworkbench.ui.library.LibraryViewMode: dev.gitfudge.musicworkbench.ui.library.LibraryViewMode[] values()
...
androidx.core.view.accessibility.AccessibilityNodeInfoCompat$Api33Impl: android.view.accessibility.AccessibilityNodeInfo$ExtraRenderingInfo getExtraRenderingInfo(android.view.accessibility.AccessibilityNodeInfo)
coil.request.CachePolicy: coil.request.CachePolicy[] values()
androidx.core.view.ViewCompat$Api28Impl: void removeOnUnhandledKeyEventListener(android.view.View,androidx.core.view.ViewCompat$OnUnhandledKeyEventListenerCompat)
androidx.compose.ui.platform.ViewLayerVerificationHelper28: void setOutlineAmbientShadowColor(android.view.View,int)
androidx.lifecycle.ReportFragment$LifecycleCallbacks: void onActivityPostCreated(android.app.Activity,android.os.Bundle)
androidx.datastore.preferences.protobuf.Writer$FieldOrder: androidx.datastore.preferences.protobuf.Writer$FieldOrder valueOf(java.lang.String)
androidx.datastore.preferences.protobuf.WireFormat$JavaType: androidx.datastore.preferences.protobuf.WireFormat$JavaType valueOf(java.lang.String)
org.jaudiotagger.audio.wav.WavChunkType: org.jaudiotagger.audio.wav.WavChunkType[] values()
androidx.core.graphics.drawable.DrawableCompat$Api23Impl: boolean setLayoutDirection(android.graphics.drawable.Drawable,int)
androidx.compose.material3.tokens.ShapeKeyTokens: androidx.compose.material3.tokens.ShapeKeyTokens[] values()
androidx.lifecycle.ReportFragment$LifecycleCallbacks: void onActivitySaveInstanceState(android.app.Activity,android.os.Bundle)
androidx.core.view.WindowInsetsCompat$BuilderImpl29: WindowInsetsCompat$BuilderImpl29()
androidx.compose.ui.platform.AndroidComposeViewTranslationCallbackS: void clearViewTranslationCallback(android.view.View)
androidx.lifecycle.ProcessLifecycleOwner$attach$1$onActivityPreCreated$1: void onActivityPostResumed(android.app.Activity)
androidx.compose.ui.platform.coreshims.ContentCaptureSessionCompat$Api29Impl: android.view.ViewStructure newVirtualViewStructure(android.view.contentcapture.ContentCaptureSession,android.view.autofill.AutofillId,long)
androidx.compose.ui.platform.AndroidComposeView: androidx.compose.ui.focus.FocusOwner getFocusOwner()
androidx.core.view.ViewCompat$Api21Impl: void stopNestedScroll(android.view.View)
androidx.core.view.ViewCompat$Api28Impl: void setAutofillId(android.view.View,androidx.core.view.autofill.AutofillIdCompat)
androidx.graphics.path.PathIteratorPreApi34Impl: int internalPathIteratorRawSize(long)
androidx.compose.ui.autofill.AutofillApi26Helper: java.lang.CharSequence textValue(android.view.autofill.AutofillValue)
androidx.core.view.accessibility.AccessibilityNodeInfoCompat$Api34Impl: boolean hasRequestInitialAccessibilityFocus(android.view.accessibility.AccessibilityNodeInfo)
androidx.core.view.ViewCompat$Api21Impl: void setElevation(android.view.View,float)
androidx.core.view.WindowInsetsCompat$Impl20: void copyWindowDataInto(androidx.core.view.WindowInsetsCompat)
androidx.compose.foundation.text.TextContextMenuItems: androidx.compose.foundation.text.TextContextMenuItems[] values()
androidx.core.content.ContextCompat$Api23Impl: java.lang.Object getSystemService(android.content.Context,java.lang.Class)
androidx.compose.ui.platform.coreshims.ContentCaptureSessionCompat$Api34Impl: void notifyViewsAppeared(android.view.contentcapture.ContentCaptureSession,java.util.List)
androidx.compose.ui.platform.AndroidComposeViewVerificationHelperMethodsO: void focusable(android.view.View,int,boolean)
androidx.core.view.ViewCompat$Api29Impl: void setContentCaptureSession(android.view.View,androidx.core.view.contentcapture.ContentCaptureSessionCompat)
androidx.core.view.ViewCompat$Api21Impl: void setTranslationZ(android.view.View,float)
androidx.compose.ui.text.android.CanvasCompatS: void drawPatch(android.graphics.Canvas,android.graphics.NinePatch,android.graphics.RectF,android.graphics.Paint)
androidx.core.view.accessibility.AccessibilityNodeInfoCompat$Api34Impl: void getBoundsInWindow(android.view.accessibility.AccessibilityNodeInfo,android.graphics.Rect)