app/build/outputs/mapping/release/usage.txt
dev.gitfudge.musicworkbench.BuildConfig
dev.gitfudge.musicworkbench.DaggerMusicWorkbenchApp_HiltComponents_SingletonC$ActivityCImpl:
    public dagger.hilt.android.internal.builders.FragmentComponentBuilder fragmentComponentBuilder()
    public dagger.hilt.android.internal.builders.ViewComponentBuilder viewComponentBuilder()
dev.gitfudge.musicworkbench.DaggerMusicWorkbenchApp_HiltComponents_SingletonC$FragmentCBuilder
dev.gitfudge.musicworkbench.DaggerMusicWorkbenchApp_HiltComponents_SingletonC$FragmentCImpl
dev.gitfudge.musicworkbench.DaggerMusicWorkbenchApp_HiltComponents_SingletonC$ServiceCBuilder
dev.gitfudge.musicworkbench.DaggerMusicWorkbenchApp_HiltComponents_SingletonC$ServiceCImpl
dev.gitfudge.musicworkbench.DaggerMusicWorkbenchApp_HiltComponents_SingletonC$SingletonCImpl:
    public java.util.Set getDisableFragmentGetContextFix()
    public dagger.hilt.android.internal.builders.ServiceComponentBuilder serviceComponentBuilder()
dev.gitfudge.musicworkbench.DaggerMusicWorkbenchApp_HiltComponents_SingletonC$ViewCBuilder
dev.gitfudge.musicworkbench.DaggerMusicWorkbenchApp_HiltComponents_SingletonC$ViewCImpl
dev.gitfudge.musicworkbench.DaggerMusicWorkbenchApp_HiltComponents_SingletonC$ViewWithFragmentCBuilder
dev.gitfudge.musicworkbench.DaggerMusicWorkbenchApp_HiltComponents_SingletonC$ViewWithFragmentCImpl
dev.gitfudge.musicworkbench.DaggerMusicWorkbenchApp_HiltComponents_SingletonC:
    private void <init>()
dev.gitfudge.musicworkbench.Hilt_MainActivity:
    void <init>(int)
    public synthetic bridge dagger.hilt.internal.GeneratedComponentManager componentManager()
dev.gitfudge.musicworkbench.Hilt_MusicWorkbenchApp:
    public synthetic bridge dagger.hilt.internal.GeneratedComponentManager componentManager()
dev.gitfudge.musicworkbench.MusicWorkbenchApp:
    public final void setWorkerFactory(androidx.hilt.work.HiltWorkerFactory)
dev.gitfudge.musicworkbench.MusicWorkbenchApp_ComponentTreeDeps
dev.gitfudge.musicworkbench.MusicWorkbenchApp_HiltComponents$ActivityC$Builder
dev.gitfudge.musicworkbench.MusicWorkbenchApp_HiltComponents$ActivityCBuilderModule
dev.gitfudge.musicworkbench.MusicWorkbenchApp_HiltComponents$ActivityRetainedC$Builder
dev.gitfudge.musicworkbench.MusicWorkbenchApp_HiltComponents$ActivityRetainedCBuilderModule
dev.gitfudge.musicworkbench.MusicWorkbenchApp_HiltComponents$FragmentC$Builder
dev.gitfudge.musicworkbench.MusicWorkbenchApp_HiltComponents$FragmentC
dev.gitfudge.musicworkbench.MusicWorkbenchApp_HiltComponents$FragmentCBuilderModule
dev.gitfudge.musicworkbench.MusicWorkbenchApp_HiltComponents$ServiceC$Builder
dev.gitfudge.musicworkbench.MusicWorkbenchApp_HiltComponents$ServiceC
dev.gitfudge.musicworkbench.MusicWorkbenchApp_HiltComponents$ServiceCBuilderModule
dev.gitfudge.musicworkbench.MusicWorkbenchApp_HiltComponents$ViewC$Builder
dev.gitfudge.musicworkbench.MusicWorkbenchApp_HiltComponents$ViewC
dev.gitfudge.musicworkbench.MusicWorkbenchApp_HiltComponents$ViewCBuilderModule
dev.gitfudge.musicworkbench.MusicWorkbenchApp_HiltComponents$ViewModelC$Builder
dev.gitfudge.musicworkbench.MusicWorkbenchApp_HiltComponents$ViewModelCBuilderModule
dev.gitfudge.musicworkbench.MusicWorkbenchApp_HiltComponents$ViewWithFragmentC$Builder
dev.gitfudge.musicworkbench.MusicWorkbenchApp_HiltComponents$ViewWithFragmentC
dev.gitfudge.musicworkbench.MusicWorkbenchApp_HiltComponents$ViewWithFragmentCBuilderModule
dev.gitfudge.musicworkbench.MusicWorkbenchApp_HiltComponents
dev.gitfudge.musicworkbench.MusicWorkbenchApp_MembersInjector:
    private final dagger.internal.Provider workerFactoryProvider
    public void <init>(dagger.internal.Provider)
    public static dagger.MembersInjector create(dagger.internal.Provider)
    public void injectMembers(dev.gitfudge.musicworkbench.MusicWorkbenchApp)
    public synthetic bridge void injectMembers(java.lang.Object)
dev.gitfudge.musicworkbench.R$color
dev.gitfudge.musicworkbench.R$drawable:
    public static int ic_launcher_background
    private void <init>()
...
androidx.compose.material.icons.twotone.MacroOffKt
androidx.compose.material.icons.twotone.MailKt
androidx.compose.material.icons.twotone.MailLockKt
androidx.compose.material.icons.twotone.MailOutlineKt
androidx.compose.material.icons.twotone.MaleKt
androidx.compose.material.icons.twotone.Man2Kt
androidx.compose.material.icons.twotone.Man3Kt
androidx.compose.material.icons.twotone.Man4Kt
androidx.compose.material.icons.twotone.ManKt
androidx.compose.material.icons.twotone.ManageAccountsKt
androidx.compose.material.icons.twotone.ManageHistoryKt
androidx.compose.material.icons.twotone.ManageSearchKt
androidx.compose.material.icons.twotone.MapKt
androidx.compose.material.icons.twotone.MapsHomeWorkKt
androidx.compose.material.icons.twotone.MapsUgcKt
androidx.compose.material.icons.twotone.MarginKt
androidx.compose.material.icons.twotone.MarkAsUnreadKt
androidx.compose.material.icons.twotone.MarkChatReadKt
androidx.compose.material.icons.twotone.MarkChatUnreadKt
androidx.compose.material.icons.twotone.MarkEmailReadKt
androidx.compose.material.icons.twotone.MarkEmailUnreadKt
androidx.compose.material.icons.twotone.MarkUnreadChatAltKt
androidx.compose.material.icons.twotone.MarkunreadKt
androidx.compose.material.icons.twotone.MarkunreadMailboxKt
androidx.compose.material.icons.twotone.MasksKt
androidx.compose.material.icons.twotone.MaximizeKt
androidx.compose.material.icons.twotone.MediaBluetoothOffKt
androidx.compose.material.icons.twotone.MediaBluetoothOnKt
androidx.compose.material.icons.twotone.MediationKt
androidx.compose.material.icons.twotone.MedicalInformationKt
androidx.compose.material.icons.twotone.MedicalServicesKt
androidx.compose.material.icons.twotone.MedicationKt
androidx.compose.material.icons.twotone.MeetingRoomKt
androidx.compose.material.icons.twotone.MemoryKt
androidx.compose.material.icons.twotone.MenuBookKt
androidx.compose.material.icons.twotone.MenuKt
androidx.compose.material.icons.twotone.MenuOpenKt
androidx.compose.material.icons.twotone.MergeKt
androidx.compose.material.icons.twotone.MergeTypeKt
androidx.compose.material.icons.twotone.MessageKt
androidx.compose.material.icons.twotone.MicExternalOffKt
androidx.compose.material.icons.twotone.MicExternalOnKt
androidx.compose.material.icons.twotone.MicKt
androidx.compose.material.icons.twotone.MicNoneKt
androidx.compose.material.icons.twotone.MicOffKt
androidx.compose.material.icons.twotone.MicrowaveKt
androidx.compose.material.icons.twotone.MilitaryTechKt
androidx.compose.material.icons.twotone.MinimizeKt
androidx.compose.material.icons.twotone.MinorCrashKt
androidx.compose.material.icons.twotone.MiscellaneousServicesKt
androidx.compose.material.icons.twotone.MissedVideoCallKt
androidx.compose.material.icons.twotone.MmsKt
androidx.compose.material.icons.twotone.MobileFriendlyKt
androidx.compose.material.icons.twotone.MobileOffKt
androidx.compose.material.icons.twotone.MobileScreenShareKt
androidx.compose.material.icons.twotone.MobiledataOffKt
androidx.compose.material.icons.twotone.ModeCommentKt
androidx.compose.material.icons.twotone.ModeEditKt
androidx.compose.material.icons.twotone.ModeEditOutlineKt
androidx.compose.material.icons.twotone.ModeFanOffKt
androidx.compose.material.icons.twotone.ModeKt
androidx.compose.material.icons.twotone.ModeNightKt
androidx.compose.material.icons.twotone.ModeOfTravelKt
androidx.compose.material.icons.twotone.ModeStandbyKt
androidx.compose.material.icons.twotone.ModelTrainingKt
androidx.compose.material.icons.twotone.MonetizationOnKt
androidx.compose.material.icons.twotone.MoneyKt
androidx.compose.material.icons.twotone.MoneyOffCsredKt
androidx.compose.material.icons.twotone.MoneyOffKt
androidx.compose.material.icons.twotone.MonitorHeartKt
androidx.compose.material.icons.twotone.MonitorKt
androidx.compose.material.icons.twotone.MonitorWeightKt
androidx.compose.material.icons.twotone.MonochromePhotosKt
androidx.compose.material.icons.twotone.MoodBadKt
androidx.compose.material.icons.twotone.MoodKt